<?xml version="1.0" encoding="UTF-8"?>
<!-- Generated by org.testng.reporters.JUnitXMLReporter -->
<testsuite hostname="Devansh-PC" ignored="0" name="Free CRM App Test Cases" tests="4" failures="0" timestamp="31 May 2018 09:23:30 GMT" time="55.889" errors="0">
  <testcase name="loginPageTitleTest" time="0.082" classname="com.crm.qa.test.LoginPageTest"/>
  <testcase name="verifyHomePageTitleTest" time="0.04" classname="com.crm.qa.test.HomePageTest"/>
  <testcase name="verifyContactsLabelTest" time="1.21" classname="com.crm.qa.test.ContactsPageTest"/>
  <testcase name="CRMLogoImageTest" time="0.252" classname="com.crm.qa.test.LoginPageTest"/>
</testsuite> <!-- Free CRM App Test Cases -->
