<?xml version="1.0" encoding="UTF-8"?>
<!-- Generated by org.testng.reporters.JUnitXMLReporter -->
<testsuite hostname="Devansh-PC" ignored="2" name="Default test" tests="1" failures="0" timestamp="31 May 2018 06:41:54 GMT" time="0.059" errors="0">
  <testcase name="createNewContactTest" time="0.0" classname="com.crm.qa.test.ContactsPageTest">
    <skipped/>
  </testcase> <!-- createNewContactTest -->
  <testcase name="verifyContactsLabelTest" time="0.0" classname="com.crm.qa.test.ContactsPageTest">
    <ignored/>
  </testcase> <!-- verifyContactsLabelTest -->
  <testcase name="selectContactTest" time="0.0" classname="com.crm.qa.test.ContactsPageTest">
    <ignored/>
  </testcase> <!-- selectContactTest -->
</testsuite> <!-- Default test -->
