<?xml version="1.0" encoding="UTF-8"?>
<testng-results skipped="0" failed="0" ignored="0" total="4" passed="4">
  <reporter-output>
  </reporter-output>
  <suite name="FREE CRM Application Test Automation Test Suite" duration-ms="55889" started-at="2018-05-31T09:22:34Z" finished-at="2018-05-31T09:23:30Z">
    <groups>
    </groups>
    <test name="Free CRM App Test Cases" duration-ms="55889" started-at="2018-05-31T09:22:34Z" finished-at="2018-05-31T09:23:30Z">
      <class name="com.crm.qa.test.LoginPageTest">
        <test-method status="PASS" signature="setUp()[pri:0, instance:com.crm.qa.test.LoginPageTest@3abbfa04]" name="setUp" is-config="true" duration-ms="9803" started-at="2018-05-31T09:22:34Z" finished-at="2018-05-31T09:22:44Z">
          <reporter-output>
          </reporter-output>
        </test-method> <!-- setUp -->
        <test-method status="PASS" signature="loginPageTitleTest()[pri:1, instance:com.crm.qa.test.LoginPageTest@3abbfa04]" name="loginPageTitleTest" duration-ms="82" started-at="2018-05-31T09:22:44Z" finished-at="2018-05-31T09:22:44Z">
          <reporter-output>
          </reporter-output>
        </test-method> <!-- loginPageTitleTest -->
        <test-method status="PASS" signature="setUp()[pri:0, instance:com.crm.qa.test.LoginPageTest@3abbfa04]" name="setUp" is-config="true" duration-ms="8397" started-at="2018-05-31T09:23:21Z" finished-at="2018-05-31T09:23:30Z">
          <reporter-output>
          </reporter-output>
        </test-method> <!-- setUp -->
        <test-method status="PASS" signature="CRMLogoImageTest()[pri:2, instance:com.crm.qa.test.LoginPageTest@3abbfa04]" name="CRMLogoImageTest" duration-ms="252" started-at="2018-05-31T09:23:30Z" finished-at="2018-05-31T09:23:30Z">
          <reporter-output>
          </reporter-output>
        </test-method> <!-- CRMLogoImageTest -->
      </class> <!-- com.crm.qa.test.LoginPageTest -->
      <class name="com.crm.qa.test.HomePageTest">
        <test-method status="PASS" signature="setUp()[pri:0, instance:com.crm.qa.test.HomePageTest@57fffcd7]" name="setUp" is-config="true" duration-ms="20634" started-at="2018-05-31T09:22:44Z" finished-at="2018-05-31T09:23:05Z">
          <reporter-output>
          </reporter-output>
        </test-method> <!-- setUp -->
        <test-method status="PASS" signature="verifyHomePageTitleTest()[pri:1, instance:com.crm.qa.test.HomePageTest@57fffcd7]" name="verifyHomePageTitleTest" duration-ms="40" started-at="2018-05-31T09:23:05Z" finished-at="2018-05-31T09:23:05Z">
          <reporter-output>
          </reporter-output>
        </test-method> <!-- verifyHomePageTitleTest -->
        <test-method status="PASS" signature="cleanUp()[pri:0, instance:com.crm.qa.test.HomePageTest@57fffcd7]" name="cleanUp" is-config="true" duration-ms="787" started-at="2018-05-31T09:23:05Z" finished-at="2018-05-31T09:23:05Z">
          <reporter-output>
          </reporter-output>
        </test-method> <!-- cleanUp -->
      </class> <!-- com.crm.qa.test.HomePageTest -->
      <class name="com.crm.qa.test.ContactsPageTest">
        <test-method status="PASS" signature="setUp()[pri:0, instance:com.crm.qa.test.ContactsPageTest@31ef45e3]" name="setUp" is-config="true" duration-ms="13885" started-at="2018-05-31T09:23:05Z" finished-at="2018-05-31T09:23:19Z">
          <reporter-output>
          </reporter-output>
        </test-method> <!-- setUp -->
        <test-method status="PASS" signature="verifyContactsLabelTest()[pri:1, instance:com.crm.qa.test.ContactsPageTest@31ef45e3]" name="verifyContactsLabelTest" duration-ms="1210" started-at="2018-05-31T09:23:19Z" finished-at="2018-05-31T09:23:21Z">
          <reporter-output>
          </reporter-output>
        </test-method> <!-- verifyContactsLabelTest -->
        <test-method status="PASS" signature="cleanUp()[pri:0, instance:com.crm.qa.test.ContactsPageTest@31ef45e3]" name="cleanUp" is-config="true" duration-ms="740" started-at="2018-05-31T09:23:21Z" finished-at="2018-05-31T09:23:21Z">
          <reporter-output>
          </reporter-output>
        </test-method> <!-- cleanUp -->
      </class> <!-- com.crm.qa.test.ContactsPageTest -->
    </test> <!-- Free CRM App Test Cases -->
  </suite> <!-- FREE CRM Application Test Automation Test Suite -->
</testng-results>
